<?xml version="1.0" encoding="UTF-8"?>
<!-- Generated by org.testng.reporters.JUnitReportReporter -->
<testsuite skipped="0" hostname="C02FV0NUMD6T" name="testFile" tests="1" failures="0" timestamp="2021-10-17T19:26:40 PDT" time="8.253" errors="0">
  <testcase name="test_01" time="8.253" classname="testFile"/>
  <system-out/>
</testsuite> <!-- testFile -->
